[debug] [2024-10-14T06:19:36.177Z] ----------------------------------------------------------------------
[debug] [2024-10-14T06:19:36.181Z] Command:       C:\Program Files\nodejs\node.exe C:\Users\jalej\AppData\Roaming\npm\node_modules\firebase-tools\lib\bin\firebase.js init
[debug] [2024-10-14T06:19:36.182Z] CLI Version:   13.20.2
[debug] [2024-10-14T06:19:36.182Z] Platform:      win32
[debug] [2024-10-14T06:19:36.182Z] Node Version:  v20.11.1
[debug] [2024-10-14T06:19:36.182Z] Time:          Mon Oct 14 2024 00:19:36 GMT-0600 (hora estándar central)
[debug] [2024-10-14T06:19:36.182Z] ----------------------------------------------------------------------
[debug] 
[debug] [2024-10-14T06:19:36.187Z] >>> [apiv2][query] GET https://firebase-public.firebaseio.com/cli.json [none]
[debug] [2024-10-14T06:19:36.264Z] > command requires scopes: ["email","openid","https://www.googleapis.com/auth/cloudplatformprojects.readonly","https://www.googleapis.com/auth/firebase","https://www.googleapis.com/auth/cloud-platform"]
[debug] [2024-10-14T06:19:36.265Z] > authorizing via signed-in user (jherreras5@miumg.edu.gt)
[info] 
     ######## #### ########  ######## ########     ###     ######  ########
     ##        ##  ##     ## ##       ##     ##  ##   ##  ##       ##
     ######    ##  ########  ######   ########  #########  ######  ######
     ##        ##  ##    ##  ##       ##     ## ##     ##       ## ##
     ##       #### ##     ## ######## ########  ##     ##  ######  ########

You're about to initialize a Firebase project in this directory:

  C:\Users\jalej\Downloads\sanarate_project_fc

[debug] [2024-10-14T06:19:36.657Z] <<< [apiv2][status] GET https://firebase-public.firebaseio.com/cli.json 200
[debug] [2024-10-14T06:19:36.658Z] <<< [apiv2][body] GET https://firebase-public.firebaseio.com/cli.json {"cloudBuildErrorAfter":1594252800000,"cloudBuildWarnAfter":1590019200000,"defaultNode10After":1594252800000,"minVersion":"3.0.5","node8DeploysDisabledAfter":1613390400000,"node8RuntimeDisabledAfter":1615809600000,"node8WarnAfter":1600128000000}
[debug] [2024-10-14T06:20:13.426Z] ----------------------------------------------------------------------
[debug] [2024-10-14T06:20:13.429Z] Command:       C:\Program Files\nodejs\node.exe C:\Users\jalej\AppData\Roaming\npm\node_modules\firebase-tools\lib\bin\firebase.js init
[debug] [2024-10-14T06:20:13.430Z] CLI Version:   13.20.2
[debug] [2024-10-14T06:20:13.430Z] Platform:      win32
[debug] [2024-10-14T06:20:13.430Z] Node Version:  v20.11.1
[debug] [2024-10-14T06:20:13.430Z] Time:          Mon Oct 14 2024 00:20:13 GMT-0600 (hora estándar central)
[debug] [2024-10-14T06:20:13.431Z] ----------------------------------------------------------------------
[debug] 
[debug] [2024-10-14T06:20:13.441Z] > command requires scopes: ["email","openid","https://www.googleapis.com/auth/cloudplatformprojects.readonly","https://www.googleapis.com/auth/firebase","https://www.googleapis.com/auth/cloud-platform"]
[debug] [2024-10-14T06:20:13.441Z] > authorizing via signed-in user (jherreras5@miumg.edu.gt)
[info] 
     ######## #### ########  ######## ########     ###     ######  ########
     ##        ##  ##     ## ##       ##     ##  ##   ##  ##       ##
     ######    ##  ########  ######   ########  #########  ######  ######
     ##        ##  ##    ##  ##       ##     ## ##     ##       ## ##
     ##       #### ##     ## ######## ########  ##     ##  ######  ########

You're about to initialize a Firebase project in this directory:

  C:\Users\jalej\Downloads\sanarate_project_fc

[info] 
=== Project Setup
[info] 
[info] First, let's associate this project directory with a Firebase project.
[info] You can create multiple project aliases by running firebase use --add, 
[info] but for now we'll just set up a default project.
[info] 
[debug] [2024-10-14T06:20:32.698Z] Checked if tokens are valid: false, expires at: 1727763013739
[debug] [2024-10-14T06:20:32.698Z] Checked if tokens are valid: false, expires at: 1727763013739
[debug] [2024-10-14T06:20:32.699Z] > refreshing access token with scopes: []
[debug] [2024-10-14T06:20:32.701Z] >>> [apiv2][query] POST https://www.googleapis.com/oauth2/v3/token [none]
[debug] [2024-10-14T06:20:32.702Z] >>> [apiv2][body] POST https://www.googleapis.com/oauth2/v3/token [omitted]
[debug] [2024-10-14T06:20:33.108Z] <<< [apiv2][status] POST https://www.googleapis.com/oauth2/v3/token 200
[debug] [2024-10-14T06:20:33.108Z] <<< [apiv2][body] POST https://www.googleapis.com/oauth2/v3/token [omitted]
[debug] [2024-10-14T06:20:33.132Z] >>> [apiv2][query] GET https://firebase.googleapis.com/v1beta1/projects pageSize=100
[debug] [2024-10-14T06:20:33.763Z] <<< [apiv2][status] GET https://firebase.googleapis.com/v1beta1/projects 200
[debug] [2024-10-14T06:20:33.764Z] <<< [apiv2][body] GET https://firebase.googleapis.com/v1beta1/projects [omitted]
[debug] [2024-10-14T06:21:03.233Z] ----------------------------------------------------------------------
[debug] [2024-10-14T06:21:03.238Z] Command:       C:\Program Files\nodejs\node.exe C:\Users\jalej\AppData\Roaming\npm\node_modules\firebase-tools\lib\bin\firebase.js init
[debug] [2024-10-14T06:21:03.238Z] CLI Version:   13.20.2
[debug] [2024-10-14T06:21:03.238Z] Platform:      win32
[debug] [2024-10-14T06:21:03.239Z] Node Version:  v20.11.1
[debug] [2024-10-14T06:21:03.239Z] Time:          Mon Oct 14 2024 00:21:03 GMT-0600 (hora estándar central)
[debug] [2024-10-14T06:21:03.239Z] ----------------------------------------------------------------------
[debug] 
[debug] [2024-10-14T06:21:03.249Z] > command requires scopes: ["email","openid","https://www.googleapis.com/auth/cloudplatformprojects.readonly","https://www.googleapis.com/auth/firebase","https://www.googleapis.com/auth/cloud-platform"]
[debug] [2024-10-14T06:21:03.249Z] > authorizing via signed-in user (jherreras5@miumg.edu.gt)
[info] 
     ######## #### ########  ######## ########     ###     ######  ########
     ##        ##  ##     ## ##       ##     ##  ##   ##  ##       ##
     ######    ##  ########  ######   ########  #########  ######  ######
     ##        ##  ##    ##  ##       ##     ## ##     ##       ## ##
     ##       #### ##     ## ######## ########  ##     ##  ######  ########

You're about to initialize a Firebase project in this directory:

  C:\Users\jalej\Downloads\sanarate_project_fc

[info] 
=== Project Setup
[info] 
[info] First, let's associate this project directory with a Firebase project.
[info] You can create multiple project aliases by running firebase use --add, 
[info] but for now we'll just set up a default project.
[info] 
[info] i  If you want to create a project in a Google Cloud organization or folder, please use "firebase projects:create" instead, and return to this command when you've created the project. 
